
## ---------------------- ##
## Running config.status. ##
## ---------------------- ##

This file was extended by magick/magick.h config.status  , which was
generated by GNU Autoconf 2.59.  Invocation command line was

  CONFIG_FILES    = 
  CONFIG_HEADERS  = 
  CONFIG_LINKS    = 
  CONFIG_COMMANDS = 
  $ ./config.status 

on pc-copen

config.status:971: creating config/delegates.xml
config.status:971: creating config/configure.xml
config.status:971: creating config/type-ghostscript.xml
config.status:971: creating config/type.xml
config.status:971: creating config/type-solaris.xml
config.status:971: creating config/type-windows.xml
config.status:971: creating ImageMagick.spec
config.status:971: creating magick/ImageMagick.pc
config.status:971: creating magick/Magick-config
config.status:971: creating magick/version.h
config.status:971: creating magick.sh
config.status:971: creating Magick++/bin/Magick++-config
config.status:971: creating Magick++/lib/ImageMagick++.pc
config.status:971: creating Makefile
config.status:971: creating PerlMagick/Magick.pm
config.status:971: creating PerlMagick/Makefile.PL
config.status:971: creating utilities/animate.1
config.status:971: creating utilities/compare.1
config.status:971: creating utilities/composite.1
config.status:971: creating utilities/conjure.1
config.status:971: creating utilities/convert.1
config.status:971: creating utilities/display.1
config.status:971: creating utilities/identify.1
config.status:971: creating utilities/ImageMagick.1
config.status:971: creating utilities/import.1
config.status:971: creating utilities/mogrify.1
config.status:971: creating utilities/montage.1
config.status:971: creating wand/Wand-config
config.status:971: creating wand/Wand.pc
config.status:1075: creating magick/magick-config.h
config.status:1075: creating wand/wand-config.h
config.status:1679: executing depfiles commands
config.status:1679: executing Magick++-config.in commands
config.status:1679: executing Magick-config.in commands
config.status:1679: executing Wand-config.in commands
config.status:1679: executing magick.sh.in commands
